Using pre-set license
Built from '2022.3/staging' branch; Version is '2022.3.14f1 (eff2de9070d8) revision 15725278'; Using compiler version '192829333'; Build Type 'Release'
OS: 'Windows 11  (10.0.22621) 64bit Core' Language: 'en' Physical Memory: 16044 MB
BatchMode: 1, IsHumanControllingUs: 0, StartBugReporterOnCrash: 0, Is64bit: 1, IsPro: 1

COMMAND LINE ARGUMENTS:
C:\Program Files\Unity\Hub\Editor\2022.3.14f1\Editor\Unity.exe
-adb2
-batchMode
-noUpm
-name
AssetImportWorker15
-projectPath
D:/Projects/UNITY/MAKA
-logFile
Logs/AssetImportWorker15.log
-srvPort
63096
Successfully changed project path to: D:/Projects/UNITY/MAKA
D:/Projects/UNITY/MAKA
[UnityMemory] Configuration Parameters - Can be set up in boot.config
    "memorysetup-bucket-allocator-granularity=16"
    "memorysetup-bucket-allocator-bucket-count=8"
    "memorysetup-bucket-allocator-block-size=33554432"
    "memorysetup-bucket-allocator-block-count=8"
    "memorysetup-main-allocator-block-size=16777216"
    "memorysetup-thread-allocator-block-size=16777216"
    "memorysetup-gfx-main-allocator-block-size=16777216"
    "memorysetup-gfx-thread-allocator-block-size=16777216"
    "memorysetup-cache-allocator-block-size=4194304"
    "memorysetup-typetree-allocator-block-size=2097152"
    "memorysetup-profiler-bucket-allocator-granularity=16"
    "memorysetup-profiler-bucket-allocator-bucket-count=8"
    "memorysetup-profiler-bucket-allocator-block-size=33554432"
    "memorysetup-profiler-bucket-allocator-block-count=8"
    "memorysetup-profiler-allocator-block-size=16777216"
    "memorysetup-profiler-editor-allocator-block-size=1048576"
    "memorysetup-temp-allocator-size-main=16777216"
    "memorysetup-job-temp-allocator-block-size=2097152"
    "memorysetup-job-temp-allocator-block-size-background=1048576"
    "memorysetup-job-temp-allocator-reduction-small-platforms=262144"
    "memorysetup-allocator-temp-initial-block-size-main=262144"
    "memorysetup-allocator-temp-initial-block-size-worker=262144"
    "memorysetup-temp-allocator-size-background-worker=32768"
    "memorysetup-temp-allocator-size-job-worker=262144"
    "memorysetup-temp-allocator-size-preload-manager=33554432"
    "memorysetup-temp-allocator-size-nav-mesh-worker=65536"
    "memorysetup-temp-allocator-size-audio-worker=65536"
    "memorysetup-temp-allocator-size-cloud-worker=32768"
    "memorysetup-temp-allocator-size-gi-baking-worker=262144"
    "memorysetup-temp-allocator-size-gfx=262144"
Player connection [51928] Host "[IP] 172.22.80.1 [Port] 0 [Flags] 2 [Guid] 3962762548 [EditorId] 3962762548 [Version] 1048832 [Id] WindowsEditor(7,LAPTOP-75BU567Q) [Debug] 1 [PackageName] WindowsEditor [ProjectName] Editor" joined multi-casting on [225.0.0.222:54997]...

Player connection [51928] Host "[IP] 172.22.80.1 [Port] 0 [Flags] 2 [Guid] 3962762548 [EditorId] 3962762548 [Version] 1048832 [Id] WindowsEditor(7,LAPTOP-75BU567Q) [Debug] 1 [PackageName] WindowsEditor [ProjectName] Editor" joined alternative multi-casting on [225.0.0.222:34997]...

[Physics::Module] Initialized MultithreadedJobDispatcher with 19 workers.
Refreshing native plugins compatible for Editor in 172.71 ms, found 4 plugins.
Preloading 0 native plugins for Editor in 0.00 ms.
Initialize engine version: 2022.3.14f1 (eff2de9070d8)
[Subsystems] Discovering subsystems at path C:/Program Files/Unity/Hub/Editor/2022.3.14f1/Editor/Data/Resources/UnitySubsystems
[Subsystems] Discovering subsystems at path D:/Projects/UNITY/MAKA/Assets
GfxDevice: creating device client; threaded=0; jobified=0
Direct3D:
    Version:  Direct3D 11.0 [level 11.1]
    Renderer: NVIDIA GeForce RTX 3070 Ti Laptop GPU (ID=0x24a0)
    Vendor:   NVIDIA
    VRAM:     8032 MB
    Driver:   31.0.15.3645
Initialize mono
Mono path[0] = 'C:/Program Files/Unity/Hub/Editor/2022.3.14f1/Editor/Data/Managed'
Mono path[1] = 'C:/Program Files/Unity/Hub/Editor/2022.3.14f1/Editor/Data/MonoBleedingEdge/lib/mono/unityjit-win32'
Mono config path = 'C:/Program Files/Unity/Hub/Editor/2022.3.14f1/Editor/Data/MonoBleedingEdge/etc'
Using monoOptions --debugger-agent=transport=dt_socket,embedding=1,server=y,suspend=n,address=127.0.0.1:56916
Begin MonoManager ReloadAssembly
Registering precompiled unity dll's ...
Register platform support module: C:/Program Files/Unity/Hub/Editor/2022.3.14f1/Editor/Data/PlaybackEngines/WindowsStandaloneSupport/UnityEditor.WindowsStandalone.Extensions.dll
Registered in 0.008281 seconds.
- Loaded All Assemblies, in  1.125 seconds
Native extension for WindowsStandalone target not found
Mono: successfully reloaded assembly
- Finished resetting the current domain, in  0.275 seconds
Domain Reload Profiling: 1397ms
	BeginReloadAssembly (131ms)
		ExecutionOrderSort (0ms)
		DisableScriptedObjects (0ms)
		BackupInstance (0ms)
		ReleaseScriptingObjects (0ms)
		CreateAndSetChildDomain (1ms)
	RebuildCommonClasses (259ms)
	RebuildNativeTypeToScriptingClass (11ms)
	initialDomainReloadingComplete (61ms)
	LoadAllAssembliesAndSetupDomain (660ms)
		LoadAssemblies (125ms)
		RebuildTransferFunctionScriptingTraits (0ms)
		AnalyzeDomain (657ms)
			TypeCache.Refresh (656ms)
				TypeCache.ScanAssembly (642ms)
			ScanForSourceGeneratedMonoScriptInfo (0ms)
			ResolveRequiredComponents (0ms)
	FinalizeReload (275ms)
		ReleaseScriptCaches (0ms)
		RebuildScriptCaches (0ms)
		SetupLoadedEditorAssemblies (205ms)
			LogAssemblyErrors (0ms)
			InitializePlatformSupportModulesInManaged (12ms)
			SetLoadedEditorAssemblies (8ms)
			RefreshPlugins (0ms)
			BeforeProcessingInitializeOnLoad (2ms)
			ProcessInitializeOnLoadAttributes (137ms)
			ProcessInitializeOnLoadMethodAttributes (47ms)
			AfterProcessingInitializeOnLoad (0ms)
			EditorAssembliesLoaded (0ms)
		ExecutionOrderSort2 (0ms)
		AwakeInstancesAfterBackupRestoration (0ms)
========================================================================
Worker process is ready to serve import requests
Begin MonoManager ReloadAssembly
- Loaded All Assemblies, in  0.615 seconds
Refreshing native plugins compatible for Editor in 2.45 ms, found 4 plugins.
Native extension for WindowsStandalone target not found
Package Manager log level set to [2]
[Package Manager] Server::EnsureServerProcessIsRunning -- launch failed, reason: Unity was launched with the -noUpm command-line argument
[Package Manager] UpmClient::Send -- Unable to send message (not connected to UPM process).
[Package Manager] Cannot connect to Unity Package Manager local server
Mono: successfully reloaded assembly
- Finished resetting the current domain, in  0.805 seconds
Domain Reload Profiling: 1417ms
	BeginReloadAssembly (125ms)
		ExecutionOrderSort (0ms)
		DisableScriptedObjects (4ms)
		BackupInstance (0ms)
		ReleaseScriptingObjects (0ms)
		CreateAndSetChildDomain (17ms)
	RebuildCommonClasses (28ms)
	RebuildNativeTypeToScriptingClass (9ms)
	initialDomainReloadingComplete (37ms)
	LoadAllAssembliesAndSetupDomain (413ms)
		LoadAssemblies (279ms)
		RebuildTransferFunctionScriptingTraits (0ms)
		AnalyzeDomain (206ms)
			TypeCache.Refresh (170ms)
				TypeCache.ScanAssembly (155ms)
			ScanForSourceGeneratedMonoScriptInfo (25ms)
			ResolveRequiredComponents (9ms)
	FinalizeReload (805ms)
		ReleaseScriptCaches (0ms)
		RebuildScriptCaches (0ms)
		SetupLoadedEditorAssemblies (651ms)
			LogAssemblyErrors (0ms)
			InitializePlatformSupportModulesInManaged (7ms)
			SetLoadedEditorAssemblies (6ms)
			RefreshPlugins (0ms)
			BeforeProcessingInitializeOnLoad (78ms)
			ProcessInitializeOnLoadAttributes (480ms)
			ProcessInitializeOnLoadMethodAttributes (72ms)
			AfterProcessingInitializeOnLoad (8ms)
			EditorAssembliesLoaded (0ms)
		ExecutionOrderSort2 (0ms)
		AwakeInstancesAfterBackupRestoration (5ms)
Launched and connected shader compiler UnityShaderCompiler.exe after 0.08 seconds
Refreshing native plugins compatible for Editor in 5.63 ms, found 4 plugins.
Preloading 0 native plugins for Editor in 0.00 ms.
Unloading 5818 Unused Serialized files (Serialized files now loaded: 0)
Unloading 99 unused Assets / (0.8 MB). Loaded Objects now: 6266.
Memory consumption went from 225.3 MB to 224.5 MB.
Total: 4.191200 ms (FindLiveObjects: 0.356900 ms CreateObjectMapping: 0.213700 ms MarkObjects: 3.224600 ms  DeleteObjects: 0.394800 ms)

AssetImportParameters requested are different than current active one (requested -> active):
  custom:scripting/monoscript/fileName/GirlAI.cs: fe47a3e386e0dfee315848202ba1be74 -> 4112cf94661a9c3291f18c0e185dc9d1
  custom:container-demuxer-ogg: 62fdf1f143b41e24485cea50d1cbac27 -> 
  custom:scripting/monoscript/fileName/GameManager.cs: f6182d712e34e20e3202214886862cdb -> 9933fbcc6190e2a9171c2ec8808a053e
  custom:scripting/monoscript/fileName/clientDestructor.cs: eb3b34b7a09ba0608fc0971d40dc388c -> 26852bb3b2419f4885b7018e6733c5f1
  custom:video-codec-MediaFoundation-h265: 746d11721c4dcdbdad8f713fa42b33f4 -> 
  custom:video-decoder-ogg-theora: a1e56fd34408186e4bbccfd4996cb3dc -> 
  custom:framework-win-MediaFoundation: 216162199b28c13a410421893ffa2e32 -> 
  custom:scripting/monoscript/fileName/ClientAI.cs: 110716776314898b5d99f27c2622ec45 -> 153760c3d54e0bf89ec7896562a2f535
  custom:CustomObjectIndexerAttribute: a3ef5dd2817f97addfee359851a9dba5 -> 
  custom:scripting/monoscript/fileName/chairManagement.cs: 125071692b866e34826d4e193d640211 -> cb9360645d4c9ae7b3d5f6d7d41e3d7c
  custom:scripting/monoscript/fileName/Player_Controller.cs: 5acac31b77234388339b7e52b97d2885 -> 4a36467596b337bc01d81cc5b98a6f63
  custom:container-demuxer-webm: 4f35f7cbe854078d1ac9338744f61a02 -> 
  custom:container-muxer-webm: aa71ff27fc2769a1b78a27578f13a17b -> 
  custom:video-decoder-webm-vp8: 9c59270c3fd7afecdb556c50c9e8de78 -> 
  custom:SearchIndexIgnoredProperties: e643bd26f0fe6173181afceb89e7c659 -> 
  custom:AudioImporter_EditorPlatform: d09bf68614088b80899f8185d706f6e7 -> 
  custom:video-encoder-webm-vp8: eb34c28f22e8b96e1ab97ce403110664 -> 
  custom:audio-decoder-ogg-vorbis: bf7c407c2cedff20999df2af8eb42d56 -> 
  custom:scripting/monoscript/fileName/GirlGFX.cs: acc8de9e7df4c0a4990397c014b1c4c2 -> 2b753d96370d89357af15c69515aacc9
  custom:scripting/monoscript/fileName/WaitingQueue.cs: 59e8fe48c5580381e7f6ef6384dabf41 -> f194dd0912373490ba69b021f3d0eea8
  custom:audio-encoder-webm-vorbis: bf7c407c2cedff20999df2af8eb42d56 -> 
========================================================================
Received Import Request.
  Time since last request: 147016.321816 seconds.
  path: ProjectSettings/TagManager.asset
  artifactKey: Guid(00000000000000003000000000000000) Importer(815301076,1909f56bfc062723c751e8b465ee728b)
Start importing ProjectSettings/TagManager.asset using Guid(00000000000000003000000000000000) Importer(815301076,1909f56bfc062723c751e8b465ee728b)  -> (artifact id: '41e28258d8957d43edbbc641039160d3') in 0.017271 seconds
Number of updated asset objects reloaded before import = 0
Number of asset objects unloaded after import = 0
========================================================================
Received Prepare
Begin MonoManager ReloadAssembly
- Loaded All Assemblies, in  0.466 seconds
Refreshing native plugins compatible for Editor in 2.13 ms, found 4 plugins.
Native extension for WindowsStandalone target not found
[Package Manager] Server::EnsureServerProcessIsRunning -- launch failed, reason: Unity was launched with the -noUpm command-line argument
[Package Manager] UpmClient::Send -- Unable to send message (not connected to UPM process).
[Package Manager] Cannot connect to Unity Package Manager local server
Mono: successfully reloaded assembly
- Finished resetting the current domain, in  1.634 seconds
Domain Reload Profiling: 2098ms
	BeginReloadAssembly (140ms)
		ExecutionOrderSort (0ms)
		DisableScriptedObjects (9ms)
		BackupInstance (0ms)
		ReleaseScriptingObjects (0ms)
		CreateAndSetChildDomain (33ms)
	RebuildCommonClasses (25ms)
	RebuildNativeTypeToScriptingClass (8ms)
	initialDomainReloadingComplete (26ms)
	LoadAllAssembliesAndSetupDomain (264ms)
		LoadAssemblies (319ms)
		RebuildTransferFunctionScriptingTraits (0ms)
		AnalyzeDomain (17ms)
			TypeCache.Refresh (6ms)
				TypeCache.ScanAssembly (0ms)
			ScanForSourceGeneratedMonoScriptInfo (0ms)
			ResolveRequiredComponents (10ms)
	FinalizeReload (1634ms)
		ReleaseScriptCaches (0ms)
		RebuildScriptCaches (0ms)
		SetupLoadedEditorAssemblies (487ms)
			LogAssemblyErrors (0ms)
			InitializePlatformSupportModulesInManaged (5ms)
			SetLoadedEditorAssemblies (4ms)
			RefreshPlugins (0ms)
			BeforeProcessingInitializeOnLoad (65ms)
			ProcessInitializeOnLoadAttributes (357ms)
			ProcessInitializeOnLoadMethodAttributes (49ms)
			AfterProcessingInitializeOnLoad (7ms)
			EditorAssembliesLoaded (0ms)
		ExecutionOrderSort2 (0ms)
		AwakeInstancesAfterBackupRestoration (11ms)
Refreshing native plugins compatible for Editor in 2.64 ms, found 4 plugins.
Preloading 0 native plugins for Editor in 0.00 ms.
Unloading 5673 Unused Serialized files (Serialized files now loaded: 0)
Unloading 62 unused Assets / (0.8 MB). Loaded Objects now: 6273.
Memory consumption went from 202.9 MB to 202.1 MB.
Total: 4.012900 ms (FindLiveObjects: 0.325000 ms CreateObjectMapping: 0.184500 ms MarkObjects: 3.178300 ms  DeleteObjects: 0.324000 ms)

Prepare: number of updated asset objects reloaded= 0
AssetImportParameters requested are different than current active one (requested -> active):
  custom:scripting/monoscript/fileName/GirlAI.cs: fe47a3e386e0dfee315848202ba1be74 -> 4112cf94661a9c3291f18c0e185dc9d1
  custom:container-demuxer-ogg: 62fdf1f143b41e24485cea50d1cbac27 -> 
  custom:scripting/monoscript/fileName/GameManager.cs: f6182d712e34e20e3202214886862cdb -> 9933fbcc6190e2a9171c2ec8808a053e
  custom:scripting/monoscript/fileName/clientDestructor.cs: eb3b34b7a09ba0608fc0971d40dc388c -> 26852bb3b2419f4885b7018e6733c5f1
  custom:video-codec-MediaFoundation-h265: 746d11721c4dcdbdad8f713fa42b33f4 -> 
  custom:video-decoder-ogg-theora: a1e56fd34408186e4bbccfd4996cb3dc -> 
  custom:framework-win-MediaFoundation: 216162199b28c13a410421893ffa2e32 -> 
  custom:scripting/monoscript/fileName/ClientAI.cs: 110716776314898b5d99f27c2622ec45 -> 153760c3d54e0bf89ec7896562a2f535
  custom:CustomObjectIndexerAttribute: a3ef5dd2817f97addfee359851a9dba5 -> 
  custom:scripting/monoscript/fileName/chairManagement.cs: 125071692b866e34826d4e193d640211 -> cb9360645d4c9ae7b3d5f6d7d41e3d7c
  custom:scripting/monoscript/fileName/Player_Controller.cs: 5acac31b77234388339b7e52b97d2885 -> 4a36467596b337bc01d81cc5b98a6f63
  custom:container-demuxer-webm: 4f35f7cbe854078d1ac9338744f61a02 -> 
  custom:container-muxer-webm: aa71ff27fc2769a1b78a27578f13a17b -> 
  custom:video-decoder-webm-vp8: 9c59270c3fd7afecdb556c50c9e8de78 -> 
  custom:SearchIndexIgnoredProperties: e643bd26f0fe6173181afceb89e7c659 -> 
  custom:AudioImporter_EditorPlatform: d09bf68614088b80899f8185d706f6e7 -> 
  custom:video-encoder-webm-vp8: eb34c28f22e8b96e1ab97ce403110664 -> 
  custom:audio-decoder-ogg-vorbis: bf7c407c2cedff20999df2af8eb42d56 -> 
  custom:scripting/monoscript/fileName/GirlGFX.cs: acc8de9e7df4c0a4990397c014b1c4c2 -> 2b753d96370d89357af15c69515aacc9
  custom:scripting/monoscript/fileName/WaitingQueue.cs: 59e8fe48c5580381e7f6ef6384dabf41 -> f194dd0912373490ba69b021f3d0eea8
  custom:audio-encoder-webm-vorbis: bf7c407c2cedff20999df2af8eb42d56 -> 
========================================================================
Received Import Request.
  Time since last request: 1197.752480 seconds.
  path: Assets/Model
  artifactKey: Guid(3a99838d009facc4d804f4ad815bd2be) Importer(815301076,1909f56bfc062723c751e8b465ee728b)
Start importing Assets/Model using Guid(3a99838d009facc4d804f4ad815bd2be) Importer(815301076,1909f56bfc062723c751e8b465ee728b)  -> (artifact id: '4368577785121260d6a8161fdd5af74d') in 0.007023 seconds
Number of updated asset objects reloaded before import = 0
Number of asset objects unloaded after import = 0
========================================================================
Received Import Request.
  Time since last request: 10.882557 seconds.
  path: Assets/Model/MH
  artifactKey: Guid(7858cbc4776937d4d8ae49d70872dbd3) Importer(815301076,1909f56bfc062723c751e8b465ee728b)
Start importing Assets/Model/MH using Guid(7858cbc4776937d4d8ae49d70872dbd3) Importer(815301076,1909f56bfc062723c751e8b465ee728b)  -> (artifact id: '2e639a4fdc3e8ede27c47faf643be926') in 0.000387 seconds
Number of updated asset objects reloaded before import = 0
Number of asset objects unloaded after import = 0
========================================================================
Received Import Request.
  Time since last request: 6.829745 seconds.
  path: Assets/Model/MH/MH.prefab
  artifactKey: Guid(d36e863304c97fe469b5a994193f1183) Importer(815301076,1909f56bfc062723c751e8b465ee728b)
Start importing Assets/Model/MH/MH.prefab using Guid(d36e863304c97fe469b5a994193f1183) Importer(815301076,1909f56bfc062723c751e8b465ee728b)  -> (artifact id: '9f197a3ef573527834e039467e8ddd75') in 0.239673 seconds
Number of updated asset objects reloaded before import = 0
Number of asset objects unloaded after import = 26
========================================================================
Received Prepare
Begin MonoManager ReloadAssembly
- Loaded All Assemblies, in  0.411 seconds
Refreshing native plugins compatible for Editor in 2.16 ms, found 4 plugins.
Native extension for WindowsStandalone target not found
[Package Manager] Server::EnsureServerProcessIsRunning -- launch failed, reason: Unity was launched with the -noUpm command-line argument
[Package Manager] UpmClient::Send -- Unable to send message (not connected to UPM process).
[Package Manager] Cannot connect to Unity Package Manager local server
Mono: successfully reloaded assembly
- Finished resetting the current domain, in  0.928 seconds
Domain Reload Profiling: 1336ms
	BeginReloadAssembly (149ms)
		ExecutionOrderSort (0ms)
		DisableScriptedObjects (12ms)
		BackupInstance (0ms)
		ReleaseScriptingObjects (0ms)
		CreateAndSetChildDomain (34ms)
	RebuildCommonClasses (25ms)
	RebuildNativeTypeToScriptingClass (9ms)
	initialDomainReloadingComplete (26ms)
	LoadAllAssembliesAndSetupDomain (198ms)
		LoadAssemblies (256ms)
		RebuildTransferFunctionScriptingTraits (0ms)
		AnalyzeDomain (16ms)
			TypeCache.Refresh (6ms)
				TypeCache.ScanAssembly (0ms)
			ScanForSourceGeneratedMonoScriptInfo (0ms)
			ResolveRequiredComponents (9ms)
	FinalizeReload (929ms)
		ReleaseScriptCaches (0ms)
		RebuildScriptCaches (0ms)
		SetupLoadedEditorAssemblies (484ms)
			LogAssemblyErrors (0ms)
			InitializePlatformSupportModulesInManaged (6ms)
			SetLoadedEditorAssemblies (4ms)
			RefreshPlugins (0ms)
			BeforeProcessingInitializeOnLoad (62ms)
			ProcessInitializeOnLoadAttributes (361ms)
			ProcessInitializeOnLoadMethodAttributes (46ms)
			AfterProcessingInitializeOnLoad (6ms)
			EditorAssembliesLoaded (0ms)
		ExecutionOrderSort2 (0ms)
		AwakeInstancesAfterBackupRestoration (12ms)
Refreshing native plugins compatible for Editor in 4.21 ms, found 4 plugins.
Preloading 0 native plugins for Editor in 0.00 ms.
Unloading 5673 Unused Serialized files (Serialized files now loaded: 0)
Unloading 62 unused Assets / (0.8 MB). Loaded Objects now: 6324.
Memory consumption went from 209.4 MB to 208.6 MB.
Total: 6.395600 ms (FindLiveObjects: 0.578600 ms CreateObjectMapping: 0.278100 ms MarkObjects: 4.923100 ms  DeleteObjects: 0.614300 ms)

Prepare: number of updated asset objects reloaded= 0
AssetImportParameters requested are different than current active one (requested -> active):
  custom:scripting/monoscript/fileName/GirlAI.cs: fe47a3e386e0dfee315848202ba1be74 -> 4112cf94661a9c3291f18c0e185dc9d1
  custom:container-demuxer-ogg: 62fdf1f143b41e24485cea50d1cbac27 -> 
  custom:scripting/monoscript/fileName/GameManager.cs: f6182d712e34e20e3202214886862cdb -> 9933fbcc6190e2a9171c2ec8808a053e
  custom:scripting/monoscript/fileName/clientDestructor.cs: eb3b34b7a09ba0608fc0971d40dc388c -> 26852bb3b2419f4885b7018e6733c5f1
  custom:video-codec-MediaFoundation-h265: 746d11721c4dcdbdad8f713fa42b33f4 -> 
  custom:video-decoder-ogg-theora: a1e56fd34408186e4bbccfd4996cb3dc -> 
  custom:framework-win-MediaFoundation: 216162199b28c13a410421893ffa2e32 -> 
  custom:scripting/monoscript/fileName/ClientAI.cs: 110716776314898b5d99f27c2622ec45 -> 153760c3d54e0bf89ec7896562a2f535
  custom:CustomObjectIndexerAttribute: a3ef5dd2817f97addfee359851a9dba5 -> 
  custom:scripting/monoscript/fileName/chairManagement.cs: 125071692b866e34826d4e193d640211 -> cb9360645d4c9ae7b3d5f6d7d41e3d7c
  custom:scripting/monoscript/fileName/Player_Controller.cs: 5acac31b77234388339b7e52b97d2885 -> 4a36467596b337bc01d81cc5b98a6f63
  custom:container-demuxer-webm: 4f35f7cbe854078d1ac9338744f61a02 -> 
  custom:container-muxer-webm: aa71ff27fc2769a1b78a27578f13a17b -> 
  custom:video-decoder-webm-vp8: 9c59270c3fd7afecdb556c50c9e8de78 -> 
  custom:SearchIndexIgnoredProperties: e643bd26f0fe6173181afceb89e7c659 -> 
  custom:AudioImporter_EditorPlatform: d09bf68614088b80899f8185d706f6e7 -> 
  custom:video-encoder-webm-vp8: eb34c28f22e8b96e1ab97ce403110664 -> 
  custom:audio-decoder-ogg-vorbis: bf7c407c2cedff20999df2af8eb42d56 -> 
  custom:scripting/monoscript/fileName/GirlGFX.cs: acc8de9e7df4c0a4990397c014b1c4c2 -> 2b753d96370d89357af15c69515aacc9
  custom:scripting/monoscript/fileName/WaitingQueue.cs: 59e8fe48c5580381e7f6ef6384dabf41 -> f194dd0912373490ba69b021f3d0eea8
  custom:audio-encoder-webm-vorbis: bf7c407c2cedff20999df2af8eb42d56 -> 
========================================================================
Received Prepare
Begin MonoManager ReloadAssembly
- Loaded All Assemblies, in  0.479 seconds
Refreshing native plugins compatible for Editor in 2.32 ms, found 4 plugins.
Native extension for WindowsStandalone target not found
[Package Manager] Server::EnsureServerProcessIsRunning -- launch failed, reason: Unity was launched with the -noUpm command-line argument
[Package Manager] UpmClient::Send -- Unable to send message (not connected to UPM process).
[Package Manager] Cannot connect to Unity Package Manager local server
Mono: successfully reloaded assembly
- Finished resetting the current domain, in  0.975 seconds
Domain Reload Profiling: 1452ms
	BeginReloadAssembly (158ms)
		ExecutionOrderSort (0ms)
		DisableScriptedObjects (8ms)
		BackupInstance (0ms)
		ReleaseScriptingObjects (0ms)
		CreateAndSetChildDomain (40ms)
	RebuildCommonClasses (26ms)
	RebuildNativeTypeToScriptingClass (9ms)
	initialDomainReloadingComplete (31ms)
	LoadAllAssembliesAndSetupDomain (253ms)
		LoadAssemblies (317ms)
		RebuildTransferFunctionScriptingTraits (0ms)
		AnalyzeDomain (18ms)
			TypeCache.Refresh (7ms)
				TypeCache.ScanAssembly (0ms)
			ScanForSourceGeneratedMonoScriptInfo (0ms)
			ResolveRequiredComponents (10ms)
	FinalizeReload (976ms)
		ReleaseScriptCaches (0ms)
		RebuildScriptCaches (0ms)
		SetupLoadedEditorAssemblies (510ms)
			LogAssemblyErrors (0ms)
			InitializePlatformSupportModulesInManaged (7ms)
			SetLoadedEditorAssemblies (4ms)
			RefreshPlugins (0ms)
			BeforeProcessingInitializeOnLoad (73ms)
			ProcessInitializeOnLoadAttributes (369ms)
			ProcessInitializeOnLoadMethodAttributes (50ms)
			AfterProcessingInitializeOnLoad (6ms)
			EditorAssembliesLoaded (0ms)
		ExecutionOrderSort2 (0ms)
		AwakeInstancesAfterBackupRestoration (13ms)
Refreshing native plugins compatible for Editor in 2.54 ms, found 4 plugins.
Preloading 0 native plugins for Editor in 0.00 ms.
Unloading 5673 Unused Serialized files (Serialized files now loaded: 0)
Unloading 62 unused Assets / (0.8 MB). Loaded Objects now: 6329.
Memory consumption went from 211.3 MB to 210.5 MB.
Total: 6.009200 ms (FindLiveObjects: 0.461500 ms CreateObjectMapping: 0.388400 ms MarkObjects: 4.775900 ms  DeleteObjects: 0.381600 ms)

Prepare: number of updated asset objects reloaded= 0
AssetImportParameters requested are different than current active one (requested -> active):
  custom:scripting/monoscript/fileName/GirlAI.cs: fe47a3e386e0dfee315848202ba1be74 -> 4112cf94661a9c3291f18c0e185dc9d1
  custom:container-demuxer-ogg: 62fdf1f143b41e24485cea50d1cbac27 -> 
  custom:scripting/monoscript/fileName/GameManager.cs: f6182d712e34e20e3202214886862cdb -> 9933fbcc6190e2a9171c2ec8808a053e
  custom:scripting/monoscript/fileName/clientDestructor.cs: eb3b34b7a09ba0608fc0971d40dc388c -> 26852bb3b2419f4885b7018e6733c5f1
  custom:video-codec-MediaFoundation-h265: 746d11721c4dcdbdad8f713fa42b33f4 -> 
  custom:video-decoder-ogg-theora: a1e56fd34408186e4bbccfd4996cb3dc -> 
  custom:framework-win-MediaFoundation: 216162199b28c13a410421893ffa2e32 -> 
  custom:scripting/monoscript/fileName/ClientAI.cs: 110716776314898b5d99f27c2622ec45 -> 153760c3d54e0bf89ec7896562a2f535
  custom:CustomObjectIndexerAttribute: a3ef5dd2817f97addfee359851a9dba5 -> 
  custom:scripting/monoscript/fileName/chairManagement.cs: 125071692b866e34826d4e193d640211 -> cb9360645d4c9ae7b3d5f6d7d41e3d7c
  custom:scripting/monoscript/fileName/Player_Controller.cs: 5acac31b77234388339b7e52b97d2885 -> 4a36467596b337bc01d81cc5b98a6f63
  custom:container-demuxer-webm: 4f35f7cbe854078d1ac9338744f61a02 -> 
  custom:container-muxer-webm: aa71ff27fc2769a1b78a27578f13a17b -> 
  custom:video-decoder-webm-vp8: 9c59270c3fd7afecdb556c50c9e8de78 -> 
  custom:SearchIndexIgnoredProperties: e643bd26f0fe6173181afceb89e7c659 -> 
  custom:AudioImporter_EditorPlatform: d09bf68614088b80899f8185d706f6e7 -> 
  custom:video-encoder-webm-vp8: eb34c28f22e8b96e1ab97ce403110664 -> 
  custom:audio-decoder-ogg-vorbis: bf7c407c2cedff20999df2af8eb42d56 -> 
  custom:scripting/monoscript/fileName/GirlGFX.cs: acc8de9e7df4c0a4990397c014b1c4c2 -> 2b753d96370d89357af15c69515aacc9
  custom:scripting/monoscript/fileName/WaitingQueue.cs: 59e8fe48c5580381e7f6ef6384dabf41 -> f194dd0912373490ba69b021f3d0eea8
  custom:audio-encoder-webm-vorbis: bf7c407c2cedff20999df2af8eb42d56 -> 
========================================================================
Received Prepare
Begin MonoManager ReloadAssembly
- Loaded All Assemblies, in  0.464 seconds
Refreshing native plugins compatible for Editor in 2.25 ms, found 4 plugins.
Native extension for WindowsStandalone target not found
[Package Manager] Server::EnsureServerProcessIsRunning -- launch failed, reason: Unity was launched with the -noUpm command-line argument
[Package Manager] UpmClient::Send -- Unable to send message (not connected to UPM process).
[Package Manager] Cannot connect to Unity Package Manager local server
Mono: successfully reloaded assembly
- Finished resetting the current domain, in  1.597 seconds
Domain Reload Profiling: 2058ms
	BeginReloadAssembly (150ms)
		ExecutionOrderSort (0ms)
		DisableScriptedObjects (9ms)
		BackupInstance (0ms)
		ReleaseScriptingObjects (0ms)
		CreateAndSetChildDomain (39ms)
	RebuildCommonClasses (28ms)
	RebuildNativeTypeToScriptingClass (8ms)
	initialDomainReloadingComplete (29ms)
	LoadAllAssembliesAndSetupDomain (246ms)
		LoadAssemblies (301ms)
		RebuildTransferFunctionScriptingTraits (0ms)
		AnalyzeDomain (19ms)
			TypeCache.Refresh (6ms)
				TypeCache.ScanAssembly (0ms)
			ScanForSourceGeneratedMonoScriptInfo (0ms)
			ResolveRequiredComponents (12ms)
	FinalizeReload (1597ms)
		ReleaseScriptCaches (0ms)
		RebuildScriptCaches (0ms)
		SetupLoadedEditorAssemblies (524ms)
			LogAssemblyErrors (0ms)
			InitializePlatformSupportModulesInManaged (6ms)
			SetLoadedEditorAssemblies (5ms)
			RefreshPlugins (0ms)
			BeforeProcessingInitializeOnLoad (70ms)
			ProcessInitializeOnLoadAttributes (384ms)
			ProcessInitializeOnLoadMethodAttributes (51ms)
			AfterProcessingInitializeOnLoad (7ms)
			EditorAssembliesLoaded (0ms)
		ExecutionOrderSort2 (0ms)
		AwakeInstancesAfterBackupRestoration (13ms)
Refreshing native plugins compatible for Editor in 5.65 ms, found 4 plugins.
Preloading 0 native plugins for Editor in 0.00 ms.
Unloading 5673 Unused Serialized files (Serialized files now loaded: 0)
Unloading 62 unused Assets / (0.8 MB). Loaded Objects now: 6334.
Memory consumption went from 213.2 MB to 212.4 MB.
Total: 4.453700 ms (FindLiveObjects: 0.438900 ms CreateObjectMapping: 0.238900 ms MarkObjects: 3.460800 ms  DeleteObjects: 0.313800 ms)

Prepare: number of updated asset objects reloaded= 0
AssetImportParameters requested are different than current active one (requested -> active):
  custom:scripting/monoscript/fileName/GirlAI.cs: fe47a3e386e0dfee315848202ba1be74 -> 4112cf94661a9c3291f18c0e185dc9d1
  custom:container-demuxer-ogg: 62fdf1f143b41e24485cea50d1cbac27 -> 
  custom:scripting/monoscript/fileName/GameManager.cs: f6182d712e34e20e3202214886862cdb -> 9933fbcc6190e2a9171c2ec8808a053e
  custom:scripting/monoscript/fileName/clientDestructor.cs: eb3b34b7a09ba0608fc0971d40dc388c -> 26852bb3b2419f4885b7018e6733c5f1
  custom:video-codec-MediaFoundation-h265: 746d11721c4dcdbdad8f713fa42b33f4 -> 
  custom:video-decoder-ogg-theora: a1e56fd34408186e4bbccfd4996cb3dc -> 
  custom:framework-win-MediaFoundation: 216162199b28c13a410421893ffa2e32 -> 
  custom:scripting/monoscript/fileName/ClientAI.cs: 110716776314898b5d99f27c2622ec45 -> 153760c3d54e0bf89ec7896562a2f535
  custom:CustomObjectIndexerAttribute: a3ef5dd2817f97addfee359851a9dba5 -> 
  custom:scripting/monoscript/fileName/chairManagement.cs: 125071692b866e34826d4e193d640211 -> cb9360645d4c9ae7b3d5f6d7d41e3d7c
  custom:scripting/monoscript/fileName/Player_Controller.cs: 5acac31b77234388339b7e52b97d2885 -> 4a36467596b337bc01d81cc5b98a6f63
  custom:container-demuxer-webm: 4f35f7cbe854078d1ac9338744f61a02 -> 
  custom:container-muxer-webm: aa71ff27fc2769a1b78a27578f13a17b -> 
  custom:video-decoder-webm-vp8: 9c59270c3fd7afecdb556c50c9e8de78 -> 
  custom:SearchIndexIgnoredProperties: e643bd26f0fe6173181afceb89e7c659 -> 
  custom:AudioImporter_EditorPlatform: d09bf68614088b80899f8185d706f6e7 -> 
  custom:video-encoder-webm-vp8: eb34c28f22e8b96e1ab97ce403110664 -> 
  custom:audio-decoder-ogg-vorbis: bf7c407c2cedff20999df2af8eb42d56 -> 
  custom:scripting/monoscript/fileName/GirlGFX.cs: acc8de9e7df4c0a4990397c014b1c4c2 -> 2b753d96370d89357af15c69515aacc9
  custom:scripting/monoscript/fileName/WaitingQueue.cs: 59e8fe48c5580381e7f6ef6384dabf41 -> f194dd0912373490ba69b021f3d0eea8
  custom:audio-encoder-webm-vorbis: bf7c407c2cedff20999df2af8eb42d56 -> 
========================================================================
Received Import Request.
  Time since last request: 21402.062430 seconds.
  path: Assets/RPGT/World/Forest/Sprites/topDown_baseTiles.png
  artifactKey: Guid(975b8d1ebcabde44fbed8c8bfc72796e) Importer(815301076,1909f56bfc062723c751e8b465ee728b)
Start importing Assets/RPGT/World/Forest/Sprites/topDown_baseTiles.png using Guid(975b8d1ebcabde44fbed8c8bfc72796e) Importer(815301076,1909f56bfc062723c751e8b465ee728b)  -> (artifact id: '029f182b91779c4db4e7953e7059a648') in 1.595844 seconds
Number of updated asset objects reloaded before import = 0
Number of asset objects unloaded after import = 614
========================================================================
Received Import Request.
  Time since last request: 20.413360 seconds.
  path: Assets/Model/CC
  artifactKey: Guid(28892ff40c3d111409672e95033fcb57) Importer(815301076,1909f56bfc062723c751e8b465ee728b)
Start importing Assets/Model/CC using Guid(28892ff40c3d111409672e95033fcb57) Importer(815301076,1909f56bfc062723c751e8b465ee728b)  -> (artifact id: '25267837b161975043d172e09c94b354') in 0.000877 seconds
Number of updated asset objects reloaded before import = 0
Number of asset objects unloaded after import = 0
========================================================================
Received Import Request.
  Time since last request: 4.604731 seconds.
  path: Assets/Model/CC/CC.prefab
  artifactKey: Guid(b513fe325bb3f8d4bb02988a679b3881) Importer(815301076,1909f56bfc062723c751e8b465ee728b)
Start importing Assets/Model/CC/CC.prefab using Guid(b513fe325bb3f8d4bb02988a679b3881) Importer(815301076,1909f56bfc062723c751e8b465ee728b)  -> (artifact id: '08509b07026dd6011409582a8b56e2ac') in 0.260201 seconds
Number of updated asset objects reloaded before import = 0
Number of asset objects unloaded after import = 26
========================================================================
Received Import Request.
  Time since last request: 116.444132 seconds.
  path: Assets/Assets/TileMaps Sprites/HouseRabbit_17.asset
  artifactKey: Guid(b9bd91bd99be11b48b128fcf5f5d038c) Importer(815301076,1909f56bfc062723c751e8b465ee728b)
Start importing Assets/Assets/TileMaps Sprites/HouseRabbit_17.asset using Guid(b9bd91bd99be11b48b128fcf5f5d038c) Importer(815301076,1909f56bfc062723c751e8b465ee728b)  -> (artifact id: '7884a851e1ee100a5efde7c63694ba50') in 0.073164 seconds
Number of updated asset objects reloaded before import = 0
Number of asset objects unloaded after import = 140
========================================================================
Received Import Request.
  Time since last request: 0.000034 seconds.
  path: Assets/Assets/TileMaps Sprites/HouseRabbit_24.asset
  artifactKey: Guid(25088db44b39e0e41a1227bc4a63b103) Importer(815301076,1909f56bfc062723c751e8b465ee728b)
Start importing Assets/Assets/TileMaps Sprites/HouseRabbit_24.asset using Guid(25088db44b39e0e41a1227bc4a63b103) Importer(815301076,1909f56bfc062723c751e8b465ee728b)  -> (artifact id: '54c1dcc78239c6a71272b5d9a668e07a') in 0.027111 seconds
Number of updated asset objects reloaded before import = 0
Number of asset objects unloaded after import = 140
========================================================================
Received Import Request.
  Time since last request: 0.000050 seconds.
  path: Assets/Assets/TileMaps Sprites/HouseRabbit_19.asset
  artifactKey: Guid(2e71db11cf2497648960a02c2bc11e47) Importer(815301076,1909f56bfc062723c751e8b465ee728b)
Start importing Assets/Assets/TileMaps Sprites/HouseRabbit_19.asset using Guid(2e71db11cf2497648960a02c2bc11e47) Importer(815301076,1909f56bfc062723c751e8b465ee728b)  -> (artifact id: '407c8d8a02604cc5e3b478d34fbe0f12') in 0.023626 seconds
Number of updated asset objects reloaded before import = 0
Number of asset objects unloaded after import = 140
========================================================================
Received Import Request.
  Time since last request: 0.000041 seconds.
  path: Assets/Assets/TileMaps Sprites/HouseRabbit_26.asset
  artifactKey: Guid(856a350524451064695d36bf00d81be2) Importer(815301076,1909f56bfc062723c751e8b465ee728b)
Start importing Assets/Assets/TileMaps Sprites/HouseRabbit_26.asset using Guid(856a350524451064695d36bf00d81be2) Importer(815301076,1909f56bfc062723c751e8b465ee728b)  -> (artifact id: '0978fe6b17583c7cff4e9a21429511f9') in 0.022126 seconds
Number of updated asset objects reloaded before import = 0
Number of asset objects unloaded after import = 140
========================================================================
Received Import Request.
  Time since last request: 0.000023 seconds.
  path: Assets/Assets/TileMaps Sprites/HouseRabbit_27.asset
  artifactKey: Guid(a06d703e61193bf4bb22090d46fd0466) Importer(815301076,1909f56bfc062723c751e8b465ee728b)
Start importing Assets/Assets/TileMaps Sprites/HouseRabbit_27.asset using Guid(a06d703e61193bf4bb22090d46fd0466) Importer(815301076,1909f56bfc062723c751e8b465ee728b)  -> (artifact id: '1d9a3382c7348332dd57fca5bf0c57ee') in 0.022251 seconds
Number of updated asset objects reloaded before import = 0
Number of asset objects unloaded after import = 140
========================================================================
Received Import Request.
  Time since last request: 0.000029 seconds.
  path: Assets/Assets/TileMaps Sprites/HouseRabbit_21.asset
  artifactKey: Guid(25e2a19728ad803469b05382626a9681) Importer(815301076,1909f56bfc062723c751e8b465ee728b)
Start importing Assets/Assets/TileMaps Sprites/HouseRabbit_21.asset using Guid(25e2a19728ad803469b05382626a9681) Importer(815301076,1909f56bfc062723c751e8b465ee728b)  -> (artifact id: 'b45757741d73dcf928b2be81f1eb2fa7') in 0.026632 seconds
Number of updated asset objects reloaded before import = 0
Number of asset objects unloaded after import = 140
========================================================================
Received Import Request.
  Time since last request: 0.000027 seconds.
  path: Assets/Assets/TileMaps Sprites/HouseRabbit_28.asset
  artifactKey: Guid(2729930fdc193294cb802add133412c5) Importer(815301076,1909f56bfc062723c751e8b465ee728b)
Start importing Assets/Assets/TileMaps Sprites/HouseRabbit_28.asset using Guid(2729930fdc193294cb802add133412c5) Importer(815301076,1909f56bfc062723c751e8b465ee728b)  -> (artifact id: '1e71434f3dd8aa028df0f874ac500487') in 0.022617 seconds
Number of updated asset objects reloaded before import = 0
Number of asset objects unloaded after import = 140
========================================================================
Received Import Request.
  Time since last request: 0.000024 seconds.
  path: Assets/Assets/TileMaps Sprites/HouseRabbit_22.asset
  artifactKey: Guid(9f7eebffadbf3e94bb6f9072938c9991) Importer(815301076,1909f56bfc062723c751e8b465ee728b)
Start importing Assets/Assets/TileMaps Sprites/HouseRabbit_22.asset using Guid(9f7eebffadbf3e94bb6f9072938c9991) Importer(815301076,1909f56bfc062723c751e8b465ee728b)  -> (artifact id: '0298135af8510cb9d37950cc18460c5c') in 0.025701 seconds
Number of updated asset objects reloaded before import = 0
Number of asset objects unloaded after import = 140
========================================================================
Received Import Request.
  Time since last request: 0.000025 seconds.
  path: Assets/Assets/TileMaps Sprites/HouseRabbit_20.asset
  artifactKey: Guid(4bfabf1c5f35e2a40a307c7704f12919) Importer(815301076,1909f56bfc062723c751e8b465ee728b)
Start importing Assets/Assets/TileMaps Sprites/HouseRabbit_20.asset using Guid(4bfabf1c5f35e2a40a307c7704f12919) Importer(815301076,1909f56bfc062723c751e8b465ee728b)  -> (artifact id: 'bcf866cd322dcdc4beca46d4d8b513ca') in 0.025292 seconds
Number of updated asset objects reloaded before import = 0
Number of asset objects unloaded after import = 140
========================================================================
Received Import Request.
  Time since last request: 0.000025 seconds.
  path: Assets/Assets/TileMaps Sprites/HouseRabbit_25.asset
  artifactKey: Guid(f5f6705e21bd23a419ac38f87d77a591) Importer(815301076,1909f56bfc062723c751e8b465ee728b)
Start importing Assets/Assets/TileMaps Sprites/HouseRabbit_25.asset using Guid(f5f6705e21bd23a419ac38f87d77a591) Importer(815301076,1909f56bfc062723c751e8b465ee728b)  -> (artifact id: '2156814fa262320e31350f23a62d1d8d') in 0.022309 seconds
Number of updated asset objects reloaded before import = 0
Number of asset objects unloaded after import = 140
========================================================================
Received Import Request.
  Time since last request: 0.000041 seconds.
  path: Assets/Assets/TileMaps Sprites/HouseRabbit_23.asset
  artifactKey: Guid(73b92c5ab53149042b174def14fc36aa) Importer(815301076,1909f56bfc062723c751e8b465ee728b)
Start importing Assets/Assets/TileMaps Sprites/HouseRabbit_23.asset using Guid(73b92c5ab53149042b174def14fc36aa) Importer(815301076,1909f56bfc062723c751e8b465ee728b)  -> (artifact id: 'e1b8fe2f147892e4c59210e6010a7f17') in 0.024398 seconds
Number of updated asset objects reloaded before import = 0
Number of asset objects unloaded after import = 140
Editor requested this worker to shutdown with reason: Scaling down because of idle timeout
TcpMessagingSession - receive error: operation aborted. errorcode: 995, details: The I/O operation has been aborted because of either a thread exit or an application request.
AssetImportWorker is now disconnected from the server
Process exiting
Exiting without the bug reporter. Application will terminate with return code 0